[0.871s] [34mcolcon[0m [1;30mDEBUG[0m [32mCommand line arguments: ['/usr/bin/colcon', 'build', '--packages-select', 'ft232h'][0m
[0.871s] [34mcolcon[0m [1;30mDEBUG[0m [32mParsed command line arguments: Namespace(log_base=None, log_level=None, verb_name='build', build_base='build', install_base='install', merge_install=False, symlink_install=False, test_result_base=None, continue_on_error=False, executor='parallel', parallel_workers=4, event_handlers=None, ignore_user_meta=False, metas=['./colcon.meta'], base_paths=['.'], packages_ignore=None, packages_ignore_regex=None, paths=None, packages_up_to=None, packages_up_to_regex=None, packages_above=None, packages_above_and_dependencies=None, packages_above_depth=None, packages_select_by_dep=None, packages_skip_by_dep=None, packages_skip_up_to=None, packages_select_build_failed=False, packages_skip_build_finished=False, packages_select_test_failures=False, packages_skip_test_passed=False, packages_select=['ft232h'], packages_skip=None, packages_select_regex=None, packages_skip_regex=None, packages_start=None, packages_end=None, allow_overriding=[], cmake_args=None, cmake_target=None, cmake_target_skip_unavailable=False, cmake_clean_cache=False, cmake_clean_first=False, cmake_force_configure=False, ament_cmake_args=None, catkin_cmake_args=None, catkin_skip_building_tests=False, verb_parser=<colcon_defaults.argument_parser.defaults.DefaultArgumentsDecorator object at 0x7f80ab185a60>, verb_extension=<colcon_core.verb.build.BuildVerb object at 0x7f80ab477d40>, main=<bound method BuildVerb.main of <colcon_core.verb.build.BuildVerb object at 0x7f80ab477d40>>)[0m
[1.061s] [34mcolcon.colcon_core.package_discovery[0m [1;30mLevel 1[0m discover_packages(colcon_meta) check parameters
[1.061s] [34mcolcon.colcon_core.package_discovery[0m [1;30mLevel 1[0m discover_packages(recursive) check parameters
[1.061s] [34mcolcon.colcon_core.package_discovery[0m [1;30mLevel 1[0m discover_packages(ignore) check parameters
[1.061s] [34mcolcon.colcon_core.package_discovery[0m [1;30mLevel 1[0m discover_packages(path) check parameters
[1.061s] [34mcolcon.colcon_core.package_discovery[0m [1;30mLevel 1[0m discover_packages(colcon_meta) discover
[1.061s] [34mcolcon.colcon_core.package_discovery[0m [1;30mLevel 1[0m discover_packages(recursive) discover
[1.061s] [34mcolcon.colcon_core.package_discovery[0m [1;30mINFO[0m Crawling recursively for packages in '/var/home/core/ros2_ws'
[1.061s] [34mcolcon.colcon_core.package_identification[0m [1;30mLevel 1[0m _identify(.) by extensions ['ignore', 'ignore_ament_install']
[1.061s] [34mcolcon.colcon_core.package_identification[0m [1;30mLevel 1[0m _identify(.) by extension 'ignore'
[1.062s] [34mcolcon.colcon_core.package_identification[0m [1;30mLevel 1[0m _identify(.) by extension 'ignore_ament_install'
[1.062s] [34mcolcon.colcon_core.package_identification[0m [1;30mLevel 1[0m _identify(.) by extensions ['colcon_pkg']
[1.062s] [34mcolcon.colcon_core.package_identification[0m [1;30mLevel 1[0m _identify(.) by extension 'colcon_pkg'
[1.062s] [34mcolcon.colcon_core.package_identification[0m [1;30mLevel 1[0m _identify(.) by extensions ['colcon_meta']
[1.062s] [34mcolcon.colcon_core.package_identification[0m [1;30mLevel 1[0m _identify(.) by extension 'colcon_meta'
[1.062s] [34mcolcon.colcon_core.package_identification[0m [1;30mLevel 1[0m _identify(.) by extensions ['ros']
[1.062s] [34mcolcon.colcon_core.package_identification[0m [1;30mLevel 1[0m _identify(.) by extension 'ros'
[1.163s] [34mcolcon.colcon_core.package_identification[0m [1;30mLevel 1[0m _identify(.) by extensions ['cmake', 'python']
[1.163s] [34mcolcon.colcon_core.package_identification[0m [1;30mLevel 1[0m _identify(.) by extension 'cmake'
[1.163s] [34mcolcon.colcon_core.package_identification[0m [1;30mLevel 1[0m _identify(.) by extension 'python'
[1.164s] [34mcolcon.colcon_core.package_identification[0m [1;30mLevel 1[0m _identify(.) by extensions ['python_setup_py']
[1.164s] [34mcolcon.colcon_core.package_identification[0m [1;30mLevel 1[0m _identify(.) by extension 'python_setup_py'
[1.164s] [34mcolcon.colcon_core.package_identification[0m [1;30mLevel 1[0m _identify(build) by extensions ['ignore', 'ignore_ament_install']
[1.164s] [34mcolcon.colcon_core.package_identification[0m [1;30mLevel 1[0m _identify(build) by extension 'ignore'
[1.164s] [34mcolcon.colcon_core.package_identification[0m [1;30mLevel 1[0m _identify(build) ignored
[1.164s] [34mcolcon.colcon_core.package_identification[0m [1;30mLevel 1[0m _identify(install) by extensions ['ignore', 'ignore_ament_install']
[1.164s] [34mcolcon.colcon_core.package_identification[0m [1;30mLevel 1[0m _identify(install) by extension 'ignore'
[1.164s] [34mcolcon.colcon_core.package_identification[0m [1;30mLevel 1[0m _identify(install) ignored
[1.164s] [34mcolcon.colcon_core.package_identification[0m [1;30mLevel 1[0m _identify(log) by extensions ['ignore', 'ignore_ament_install']
[1.164s] [34mcolcon.colcon_core.package_identification[0m [1;30mLevel 1[0m _identify(log) by extension 'ignore'
[1.164s] [34mcolcon.colcon_core.package_identification[0m [1;30mLevel 1[0m _identify(log) ignored
[1.164s] [34mcolcon.colcon_core.package_identification[0m [1;30mLevel 1[0m _identify(src) by extensions ['ignore', 'ignore_ament_install']
[1.164s] [34mcolcon.colcon_core.package_identification[0m [1;30mLevel 1[0m _identify(src) by extension 'ignore'
[1.164s] [34mcolcon.colcon_core.package_identification[0m [1;30mLevel 1[0m _identify(src) by extension 'ignore_ament_install'
[1.165s] [34mcolcon.colcon_core.package_identification[0m [1;30mLevel 1[0m _identify(src) by extensions ['colcon_pkg']
[1.165s] [34mcolcon.colcon_core.package_identification[0m [1;30mLevel 1[0m _identify(src) by extension 'colcon_pkg'
[1.165s] [34mcolcon.colcon_core.package_identification[0m [1;30mLevel 1[0m _identify(src) by extensions ['colcon_meta']
[1.165s] [34mcolcon.colcon_core.package_identification[0m [1;30mLevel 1[0m _identify(src) by extension 'colcon_meta'
[1.165s] [34mcolcon.colcon_core.package_identification[0m [1;30mLevel 1[0m _identify(src) by extensions ['ros']
[1.165s] [34mcolcon.colcon_core.package_identification[0m [1;30mLevel 1[0m _identify(src) by extension 'ros'
[1.165s] [34mcolcon.colcon_core.package_identification[0m [1;30mLevel 1[0m _identify(src) by extensions ['cmake', 'python']
[1.165s] [34mcolcon.colcon_core.package_identification[0m [1;30mLevel 1[0m _identify(src) by extension 'cmake'
[1.165s] [34mcolcon.colcon_core.package_identification[0m [1;30mLevel 1[0m _identify(src) by extension 'python'
[1.165s] [34mcolcon.colcon_core.package_identification[0m [1;30mLevel 1[0m _identify(src) by extensions ['python_setup_py']
[1.165s] [34mcolcon.colcon_core.package_identification[0m [1;30mLevel 1[0m _identify(src) by extension 'python_setup_py'
[1.165s] [34mcolcon.colcon_core.package_identification[0m [1;30mLevel 1[0m _identify(src/ft232h) by extensions ['ignore', 'ignore_ament_install']
[1.165s] [34mcolcon.colcon_core.package_identification[0m [1;30mLevel 1[0m _identify(src/ft232h) by extension 'ignore'
[1.165s] [34mcolcon.colcon_core.package_identification[0m [1;30mLevel 1[0m _identify(src/ft232h) by extension 'ignore_ament_install'
[1.165s] [34mcolcon.colcon_core.package_identification[0m [1;30mLevel 1[0m _identify(src/ft232h) by extensions ['colcon_pkg']
[1.165s] [34mcolcon.colcon_core.package_identification[0m [1;30mLevel 1[0m _identify(src/ft232h) by extension 'colcon_pkg'
[1.165s] [34mcolcon.colcon_core.package_identification[0m [1;30mLevel 1[0m _identify(src/ft232h) by extensions ['colcon_meta']
[1.165s] [34mcolcon.colcon_core.package_identification[0m [1;30mLevel 1[0m _identify(src/ft232h) by extension 'colcon_meta'
[1.165s] [34mcolcon.colcon_core.package_identification[0m [1;30mLevel 1[0m _identify(src/ft232h) by extensions ['ros']
[1.165s] [34mcolcon.colcon_core.package_identification[0m [1;30mLevel 1[0m _identify(src/ft232h) by extension 'ros'
[1.176s] [34mcolcon.colcon_core.package_identification[0m [1;30mDEBUG[0m [32mPackage 'src/ft232h' with type 'ros.ament_python' and name 'ft232h'[0m
[1.176s] [34mcolcon.colcon_core.package_discovery[0m [1;30mLevel 1[0m discover_packages(recursive) using defaults
[1.176s] [34mcolcon.colcon_core.package_discovery[0m [1;30mLevel 1[0m discover_packages(ignore) discover
[1.176s] [34mcolcon.colcon_core.package_discovery[0m [1;30mLevel 1[0m discover_packages(ignore) using defaults
[1.176s] [34mcolcon.colcon_core.package_discovery[0m [1;30mLevel 1[0m discover_packages(path) discover
[1.176s] [34mcolcon.colcon_core.package_discovery[0m [1;30mLevel 1[0m discover_packages(path) using defaults
[1.285s] [34mcolcon.colcon_core.package_discovery[0m [1;30mLevel 1[0m discover_packages(prefix_path) check parameters
[1.285s] [34mcolcon.colcon_core.package_discovery[0m [1;30mLevel 1[0m discover_packages(prefix_path) discover
[1.314s] [34mcolcon.colcon_installed_package_information.package_discovery[0m [1;30mDEBUG[0m [32mFound 356 installed packages in /etc/ros2/install[0m
[1.315s] [34mcolcon.colcon_core.package_discovery[0m [1;30mLevel 1[0m discover_packages(prefix_path) using defaults
[1.414s] [34mcolcon.colcon_core.verb[0m [1;30mLevel 5[0m set package 'ft232h' build argument 'cmake_args' from command line to 'None'
[1.414s] [34mcolcon.colcon_core.verb[0m [1;30mLevel 5[0m set package 'ft232h' build argument 'cmake_target' from command line to 'None'
[1.414s] [34mcolcon.colcon_core.verb[0m [1;30mLevel 5[0m set package 'ft232h' build argument 'cmake_target_skip_unavailable' from command line to 'False'
[1.414s] [34mcolcon.colcon_core.verb[0m [1;30mLevel 5[0m set package 'ft232h' build argument 'cmake_clean_cache' from command line to 'False'
[1.414s] [34mcolcon.colcon_core.verb[0m [1;30mLevel 5[0m set package 'ft232h' build argument 'cmake_clean_first' from command line to 'False'
[1.414s] [34mcolcon.colcon_core.verb[0m [1;30mLevel 5[0m set package 'ft232h' build argument 'cmake_force_configure' from command line to 'False'
[1.414s] [34mcolcon.colcon_core.verb[0m [1;30mLevel 5[0m set package 'ft232h' build argument 'ament_cmake_args' from command line to 'None'
[1.414s] [34mcolcon.colcon_core.verb[0m [1;30mLevel 5[0m set package 'ft232h' build argument 'catkin_cmake_args' from command line to 'None'
[1.414s] [34mcolcon.colcon_core.verb[0m [1;30mLevel 5[0m set package 'ft232h' build argument 'catkin_skip_building_tests' from command line to 'False'
[1.414s] [34mcolcon.colcon_core.verb[0m [1;30mDEBUG[0m [32mBuilding package 'ft232h' with the following arguments: {'ament_cmake_args': None, 'build_base': '/var/home/core/ros2_ws/build/ft232h', 'catkin_cmake_args': None, 'catkin_skip_building_tests': False, 'cmake_args': None, 'cmake_clean_cache': False, 'cmake_clean_first': False, 'cmake_force_configure': False, 'cmake_target': None, 'cmake_target_skip_unavailable': False, 'install_base': '/var/home/core/ros2_ws/install/ft232h', 'merge_install': False, 'path': '/var/home/core/ros2_ws/src/ft232h', 'symlink_install': False, 'test_result_base': None}[0m
[1.415s] [34mcolcon.colcon_core.executor[0m [1;30mINFO[0m Executing jobs using 'parallel' executor
[1.421s] [34mcolcon.colcon_parallel_executor.executor.parallel[0m [1;30mDEBUG[0m [32mrun_until_complete[0m
[1.421s] [34mcolcon.colcon_ros.task.ament_python.build[0m [1;30mINFO[0m Building ROS package in '/var/home/core/ros2_ws/src/ft232h' with build type 'ament_python'
[1.422s] [34mcolcon.colcon_core.shell[0m [1;30mLevel 1[0m create_environment_hook('ft232h', 'ament_prefix_path')
[1.440s] [34mcolcon.colcon_core.plugin_system[0m [1;30mINFO[0m Skipping extension 'colcon_core.shell.bat': Not used on non-Windows systems
[1.441s] [34mcolcon.colcon_core.shell[0m [1;30mINFO[0m Creating environment hook '/var/home/core/ros2_ws/install/ft232h/share/ft232h/hook/ament_prefix_path.ps1'
[1.443s] [34mcolcon.colcon_core.shell[0m [1;30mINFO[0m Creating environment descriptor '/var/home/core/ros2_ws/install/ft232h/share/ft232h/hook/ament_prefix_path.dsv'
[1.444s] [34mcolcon.colcon_core.shell[0m [1;30mINFO[0m Creating environment hook '/var/home/core/ros2_ws/install/ft232h/share/ft232h/hook/ament_prefix_path.sh'
[1.447s] [34mcolcon.colcon_core.shell[0m [1;30mINFO[0m Skip shell extension 'powershell' for command environment: Not usable outside of PowerShell
[1.447s] [34mcolcon.colcon_core.shell[0m [1;30mDEBUG[0m [32mSkip shell extension 'dsv' for command environment[0m
[2.371s] [34mcolcon.colcon_core.task.python.build[0m [1;30mINFO[0m Building Python package in '/var/home/core/ros2_ws/src/ft232h'
[2.373s] [34mcolcon.colcon_core.shell[0m [1;30mINFO[0m Skip shell extension 'powershell' for command environment: Not usable outside of PowerShell
[2.373s] [34mcolcon.colcon_core.shell[0m [1;30mDEBUG[0m [32mSkip shell extension 'dsv' for command environment[0m
[4.391s] [34mcolcon.colcon_core.event_handler.log_command[0m [1;30mDEBUG[0m [32mInvoking command in '/var/home/core/ros2_ws/src/ft232h': DEBUGINFOD_URLS=https://debuginfod.fedoraproject.org/ PYTHONPATH=/var/home/core/ros2_ws/build/ft232h/prefix_override:/var/home/core/ros2_ws/install/ft232h/lib/python3.12/site-packages:${PYTHONPATH} _=/usr/bin/env /usr/bin/python3 setup.py egg_info --egg-base ../../build/ft232h build --build-base /var/home/core/ros2_ws/build/ft232h/build install --record /var/home/core/ros2_ws/build/ft232h/install.log --single-version-externally-managed[0m
[6.077s] [34mcolcon.colcon_core.event_handler.log_command[0m [1;30mDEBUG[0m [32mInvoked command in '/var/home/core/ros2_ws/src/ft232h' returned '0': DEBUGINFOD_URLS=https://debuginfod.fedoraproject.org/ PYTHONPATH=/var/home/core/ros2_ws/build/ft232h/prefix_override:/var/home/core/ros2_ws/install/ft232h/lib/python3.12/site-packages:${PYTHONPATH} _=/usr/bin/env /usr/bin/python3 setup.py egg_info --egg-base ../../build/ft232h build --build-base /var/home/core/ros2_ws/build/ft232h/build install --record /var/home/core/ros2_ws/build/ft232h/install.log --single-version-externally-managed[0m
[6.092s] [34mcolcon.colcon_core.environment[0m [1;30mLevel 1[0m checking '/var/home/core/ros2_ws/install/ft232h' for CMake module files
[6.092s] [34mcolcon.colcon_core.environment[0m [1;30mLevel 1[0m checking '/var/home/core/ros2_ws/install/ft232h' for CMake config files
[6.093s] [34mcolcon.colcon_core.environment[0m [1;30mLevel 1[0m checking '/var/home/core/ros2_ws/install/ft232h/lib'
[6.093s] [34mcolcon.colcon_core.environment[0m [1;30mLevel 1[0m checking '/var/home/core/ros2_ws/install/ft232h/bin'
[6.093s] [34mcolcon.colcon_core.environment[0m [1;30mLevel 1[0m checking '/var/home/core/ros2_ws/install/ft232h/lib/pkgconfig/ft232h.pc'
[6.094s] [34mcolcon.colcon_core.environment[0m [1;30mLevel 1[0m checking '/var/home/core/ros2_ws/install/ft232h/lib/python3.12/site-packages'
[6.094s] [34mcolcon.colcon_core.shell[0m [1;30mLevel 1[0m create_environment_hook('ft232h', 'pythonpath')
[6.096s] [34mcolcon.colcon_core.shell[0m [1;30mINFO[0m Creating environment hook '/var/home/core/ros2_ws/install/ft232h/share/ft232h/hook/pythonpath.ps1'
[6.097s] [34mcolcon.colcon_core.shell[0m [1;30mINFO[0m Creating environment descriptor '/var/home/core/ros2_ws/install/ft232h/share/ft232h/hook/pythonpath.dsv'
[6.097s] [34mcolcon.colcon_core.shell[0m [1;30mINFO[0m Creating environment hook '/var/home/core/ros2_ws/install/ft232h/share/ft232h/hook/pythonpath.sh'
[6.098s] [34mcolcon.colcon_core.environment[0m [1;30mLevel 1[0m checking '/var/home/core/ros2_ws/install/ft232h/bin'
[6.098s] [34mcolcon.colcon_core.environment[0m [1;30mLevel 1[0m create_environment_scripts_only(ft232h)
[6.100s] [34mcolcon.colcon_core.shell[0m [1;30mINFO[0m Creating package script '/var/home/core/ros2_ws/install/ft232h/share/ft232h/package.ps1'
[6.101s] [34mcolcon.colcon_core.shell[0m [1;30mINFO[0m Creating package descriptor '/var/home/core/ros2_ws/install/ft232h/share/ft232h/package.dsv'
[6.102s] [34mcolcon.colcon_core.shell[0m [1;30mINFO[0m Creating package script '/var/home/core/ros2_ws/install/ft232h/share/ft232h/package.sh'
[6.102s] [34mcolcon.colcon_core.shell[0m [1;30mINFO[0m Creating package script '/var/home/core/ros2_ws/install/ft232h/share/ft232h/package.bash'
[6.103s] [34mcolcon.colcon_core.shell[0m [1;30mINFO[0m Creating package script '/var/home/core/ros2_ws/install/ft232h/share/ft232h/package.zsh'
[6.104s] [34mcolcon.colcon_core.environment[0m [1;30mLevel 1[0m create_file_with_runtime_dependencies(/var/home/core/ros2_ws/install/ft232h/share/colcon-core/packages/ft232h)
[6.105s] [34mcolcon.colcon_parallel_executor.executor.parallel[0m [1;30mDEBUG[0m [32mclosing loop[0m
[6.105s] [34mcolcon.colcon_parallel_executor.executor.parallel[0m [1;30mDEBUG[0m [32mloop closed[0m
[6.105s] [34mcolcon.colcon_parallel_executor.executor.parallel[0m [1;30mDEBUG[0m [32mrun_until_complete finished with '0'[0m
[6.105s] [34mcolcon.colcon_core.event_reactor[0m [1;30mDEBUG[0m [32mjoining thread[0m
[6.147s] [34mcolcon.colcon_core.plugin_system[0m [1;30mINFO[0m Skipping extension 'colcon_notification.desktop_notification.notify_send': Could not find 'notify-send'
[6.147s] [34mcolcon.colcon_core.plugin_system[0m [1;30mINFO[0m Skipping extension 'colcon_notification.desktop_notification.terminal_notifier': Not used on non-Darwin systems
[6.148s] [34mcolcon.colcon_core.plugin_system[0m [1;30mINFO[0m Skipping extension 'colcon_notification.desktop_notification.win32': Not used on non-Windows systems
[6.148s] [34mcolcon.colcon_notification.desktop_notification[0m [1;30mINFO[0m Sending desktop notification using 'notify2'
[6.165s] [34mcolcon.colcon_notification.desktop_notification.notify2[0m [1;30mDEBUG[0m [32mFailed to initialize notify2: org.freedesktop.DBus.Error.ServiceUnknown: The name is not activatable[0m
[6.165s] [34mcolcon.colcon_core.event_reactor[0m [1;30mDEBUG[0m [32mjoined thread[0m
[6.168s] [34mcolcon.colcon_core.shell[0m [1;30mINFO[0m Creating prefix script '/var/home/core/ros2_ws/install/local_setup.ps1'
[6.169s] [34mcolcon.colcon_core.shell[0m [1;30mINFO[0m Creating prefix util module '/var/home/core/ros2_ws/install/_local_setup_util_ps1.py'
[6.170s] [34mcolcon.colcon_core.shell[0m [1;30mINFO[0m Creating prefix chain script '/var/home/core/ros2_ws/install/setup.ps1'
[6.188s] [34mcolcon.colcon_core.shell[0m [1;30mINFO[0m Creating prefix script '/var/home/core/ros2_ws/install/local_setup.sh'
[6.189s] [34mcolcon.colcon_core.shell[0m [1;30mINFO[0m Creating prefix util module '/var/home/core/ros2_ws/install/_local_setup_util_sh.py'
[6.190s] [34mcolcon.colcon_core.shell[0m [1;30mINFO[0m Creating prefix chain script '/var/home/core/ros2_ws/install/setup.sh'
[6.206s] [34mcolcon.colcon_core.shell[0m [1;30mINFO[0m Creating prefix script '/var/home/core/ros2_ws/install/local_setup.bash'
[6.206s] [34mcolcon.colcon_core.shell[0m [1;30mINFO[0m Creating prefix chain script '/var/home/core/ros2_ws/install/setup.bash'
[6.222s] [34mcolcon.colcon_core.shell[0m [1;30mINFO[0m Creating prefix script '/var/home/core/ros2_ws/install/local_setup.zsh'
[6.222s] [34mcolcon.colcon_core.shell[0m [1;30mINFO[0m Creating prefix chain script '/var/home/core/ros2_ws/install/setup.zsh'
