[2.969s] Invoking command in '/var/home/core/ros2_ws/src/ft232h': DEBUGINFOD_URLS=https://debuginfod.fedoraproject.org/ PYTHONPATH=/var/home/core/ros2_ws/build/ft232h/prefix_override:/var/home/core/ros2_ws/install/ft232h/lib/python3.12/site-packages:${PYTHONPATH} _=/usr/bin/env /usr/bin/python3 setup.py egg_info --egg-base ../../build/ft232h build --build-base /var/home/core/ros2_ws/build/ft232h/build install --record /var/home/core/ros2_ws/build/ft232h/install.log --single-version-externally-managed
[3.983s] running egg_info
[3.983s] creating ../../build/ft232h/ft232h.egg-info
[4.015s] writing ../../build/ft232h/ft232h.egg-info/PKG-INFO
[4.015s] writing dependency_links to ../../build/ft232h/ft232h.egg-info/dependency_links.txt
[4.015s] writing entry points to ../../build/ft232h/ft232h.egg-info/entry_points.txt
[4.016s] writing requirements to ../../build/ft232h/ft232h.egg-info/requires.txt
[4.016s] writing top-level names to ../../build/ft232h/ft232h.egg-info/top_level.txt
[4.016s] writing manifest file '../../build/ft232h/ft232h.egg-info/SOURCES.txt'
[4.085s] reading manifest file '../../build/ft232h/ft232h.egg-info/SOURCES.txt'
[4.086s] writing manifest file '../../build/ft232h/ft232h.egg-info/SOURCES.txt'
[4.086s] running build
[4.086s] running build_py
[4.086s] creating /var/home/core/ros2_ws/build/ft232h/build
[4.088s] creating /var/home/core/ros2_ws/build/ft232h/build/lib
[4.088s] creating /var/home/core/ros2_ws/build/ft232h/build/lib/ft232h
[4.088s] copying ft232h/__init__.py -> /var/home/core/ros2_ws/build/ft232h/build/lib/ft232h
[4.088s] copying ft232h/ultrasonic.py -> /var/home/core/ros2_ws/build/ft232h/build/lib/ft232h
[4.089s] running install
[4.089s] /usr/lib/python3.12/site-packages/setuptools/_distutils/cmd.py:66: SetuptoolsDeprecationWarning: setup.py install is deprecated.
[4.089s] !!
[4.089s] 
[4.089s]         ********************************************************************************
[4.089s]         Please avoid running ``setup.py`` directly.
[4.089s]         Instead, use pypa/build, pypa/installer, pypa/build or
[4.090s]         other standards-based tools.
[4.090s] 
[4.090s]         See https://blog.ganssle.io/articles/2021/10/setup-py-deprecated.html for details.
[4.090s]         ********************************************************************************
[4.090s] 
[4.090s] !!
[4.090s]   self.initialize_options()
[4.100s] running install_lib
[4.136s] creating /var/home/core/ros2_ws/install/ft232h/lib/python3.12/site-packages/ft232h
[4.137s] copying /var/home/core/ros2_ws/build/ft232h/build/lib/ft232h/__init__.py -> /var/home/core/ros2_ws/install/ft232h/lib/python3.12/site-packages/ft232h
[4.137s] copying /var/home/core/ros2_ws/build/ft232h/build/lib/ft232h/ultrasonic.py -> /var/home/core/ros2_ws/install/ft232h/lib/python3.12/site-packages/ft232h
[4.140s] byte-compiling /var/home/core/ros2_ws/install/ft232h/lib/python3.12/site-packages/ft232h/__init__.py to __init__.cpython-312.pyc
[4.141s] byte-compiling /var/home/core/ros2_ws/install/ft232h/lib/python3.12/site-packages/ft232h/ultrasonic.py to ultrasonic.cpython-312.pyc
[4.141s] running install_data
[4.175s] creating /var/home/core/ros2_ws/install/ft232h/share/ament_index
[4.175s] creating /var/home/core/ros2_ws/install/ft232h/share/ament_index/resource_index
[4.176s] creating /var/home/core/ros2_ws/install/ft232h/share/ament_index/resource_index/packages
[4.176s] copying resource/ft232h -> /var/home/core/ros2_ws/install/ft232h/share/ament_index/resource_index/packages
[4.176s] copying package.xml -> /var/home/core/ros2_ws/install/ft232h/share/ft232h
[4.176s] running install_egg_info
[4.232s] Copying ../../build/ft232h/ft232h.egg-info to /var/home/core/ros2_ws/install/ft232h/lib/python3.12/site-packages/ft232h-0.0.0-py3.12.egg-info
[4.233s] running install_scripts
[4.602s] Installing ultrasonic script to /var/home/core/ros2_ws/install/ft232h/lib/ft232h
[4.603s] writing list of installed files to '/var/home/core/ros2_ws/build/ft232h/install.log'
[4.655s] Invoked command in '/var/home/core/ros2_ws/src/ft232h' returned '0': DEBUGINFOD_URLS=https://debuginfod.fedoraproject.org/ PYTHONPATH=/var/home/core/ros2_ws/build/ft232h/prefix_override:/var/home/core/ros2_ws/install/ft232h/lib/python3.12/site-packages:${PYTHONPATH} _=/usr/bin/env /usr/bin/python3 setup.py egg_info --egg-base ../../build/ft232h build --build-base /var/home/core/ros2_ws/build/ft232h/build install --record /var/home/core/ros2_ws/build/ft232h/install.log --single-version-externally-managed
